This file contains any messages produced by compilers while
running configure, to aid debugging if configure makes a mistake.

It was created by package-query configure 1.9, which was
generated by GNU Autoconf 2.69.  Invocation command line was

  $ ./configure --localstatedir=/var --prefix=/usr --sysconfdir=/etc --with-aur-url=https://aur.archlinux.org

## --------- ##
## Platform. ##
## --------- ##

hostname = archPC
uname -m = x86_64
uname -r = 4.17.6-1-ARCH
uname -s = Linux
uname -v = #1 SMP PREEMPT Wed Jul 11 19:14:29 UTC 2018

/usr/bin/uname -p = unknown
/bin/uname -X     = unknown

/bin/arch              = unknown
/usr/bin/arch -k       = unknown
/usr/convex/getsysinfo = unknown
/usr/bin/hostinfo      = unknown
/bin/machine           = unknown
/usr/bin/oslevel       = unknown
/bin/universe          = unknown

PATH: /usr/local/sbin
PATH: /usr/local/bin
PATH: /usr/bin
PATH: /usr/bin/site_perl
PATH: /usr/bin/vendor_perl
PATH: /usr/bin/core_perl
PATH: /usr/bin/site_perl
PATH: /usr/bin/vendor_perl
PATH: /usr/bin/core_perl


## ----------- ##
## Core tests. ##
## ----------- ##

configure:2291: checking for a BSD-compatible install
configure:2359: result: /usr/bin/install -c
configure:2370: checking whether build environment is sane
configure:2425: result: yes
configure:2576: checking for a thread-safe mkdir -p
configure:2615: result: /usr/bin/mkdir -p
configure:2622: checking for gawk
configure:2638: found /usr/bin/gawk
configure:2649: result: gawk
configure:2660: checking whether make sets $(MAKE)
configure:2682: result: yes
configure:2711: checking whether make supports nested variables
configure:2728: result: yes
configure:2909: checking for gcc
configure:2925: found /usr/bin/gcc
configure:2936: result: gcc
configure:3165: checking for C compiler version
configure:3174: gcc --version >&5
gcc (GCC) 8.1.1 20180531
Copyright (C) 2018 Free Software Foundation, Inc.
This is free software; see the source for copying conditions.  There is NO
warranty; not even for MERCHANTABILITY or FITNESS FOR A PARTICULAR PURPOSE.

configure:3185: $? = 0
configure:3174: gcc -v >&5
Using built-in specs.
COLLECT_GCC=gcc
COLLECT_LTO_WRAPPER=/usr/lib/gcc/x86_64-pc-linux-gnu/8.1.1/lto-wrapper
Target: x86_64-pc-linux-gnu
Configured with: /build/gcc/src/gcc/configure --prefix=/usr --libdir=/usr/lib --libexecdir=/usr/lib --mandir=/usr/share/man --infodir=/usr/share/info --with-bugurl=https://bugs.archlinux.org/ --enable-languages=c,c++,ada,fortran,go,lto,objc,obj-c++ --enable-shared --enable-threads=posix --enable-libmpx --with-system-zlib --with-isl --enable-__cxa_atexit --disable-libunwind-exceptions --enable-clocale=gnu --disable-libstdcxx-pch --disable-libssp --enable-gnu-unique-object --enable-linker-build-id --enable-lto --enable-plugin --enable-install-libiberty --with-linker-hash-style=gnu --enable-gnu-indirect-function --enable-multilib --disable-werror --enable-checking=release --enable-default-pie --enable-default-ssp
Thread model: posix
gcc version 8.1.1 20180531 (GCC) 
configure:3185: $? = 0
configure:3174: gcc -V >&5
gcc: error: unrecognized command line option '-V'
gcc: fatal error: no input files
compilation terminated.
configure:3185: $? = 1
configure:3174: gcc -qversion >&5
gcc: error: unrecognized command line option '-qversion'; did you mean '--version'?
gcc: fatal error: no input files
compilation terminated.
configure:3185: $? = 1
configure:3205: checking whether the C compiler works
configure:3227: gcc -march=x86-64 -mtune=generic -O2 -pipe -fstack-protector-strong -fno-plt -D_FORTIFY_SOURCE=2 -Wl,-O1,--sort-common,--as-needed,-z,relro,-z,now conftest.c  >&5
configure:3231: $? = 0
configure:3279: result: yes
configure:3282: checking for C compiler default output file name
configure:3284: result: a.out
configure:3290: checking for suffix of executables
configure:3297: gcc -o conftest -march=x86-64 -mtune=generic -O2 -pipe -fstack-protector-strong -fno-plt -D_FORTIFY_SOURCE=2 -Wl,-O1,--sort-common,--as-needed,-z,relro,-z,now conftest.c  >&5
configure:3301: $? = 0
configure:3323: result: 
configure:3345: checking whether we are cross compiling
configure:3353: gcc -o conftest -march=x86-64 -mtune=generic -O2 -pipe -fstack-protector-strong -fno-plt -D_FORTIFY_SOURCE=2 -Wl,-O1,--sort-common,--as-needed,-z,relro,-z,now conftest.c  >&5
configure:3357: $? = 0
configure:3364: ./conftest
configure:3368: $? = 0
configure:3383: result: no
configure:3388: checking for suffix of object files
configure:3410: gcc -c -march=x86-64 -mtune=generic -O2 -pipe -fstack-protector-strong -fno-plt -D_FORTIFY_SOURCE=2 conftest.c >&5
configure:3414: $? = 0
configure:3435: result: o
configure:3439: checking whether we are using the GNU C compiler
configure:3458: gcc -c -march=x86-64 -mtune=generic -O2 -pipe -fstack-protector-strong -fno-plt -D_FORTIFY_SOURCE=2 conftest.c >&5
configure:3458: $? = 0
configure:3467: result: yes
configure:3476: checking whether gcc accepts -g
configure:3496: gcc -c -g -D_FORTIFY_SOURCE=2 conftest.c >&5
configure:3496: $? = 0
configure:3537: result: yes
configure:3554: checking for gcc option to accept ISO C89
configure:3617: gcc  -c -march=x86-64 -mtune=generic -O2 -pipe -fstack-protector-strong -fno-plt -D_FORTIFY_SOURCE=2 conftest.c >&5
configure:3617: $? = 0
configure:3630: result: none needed
configure:3655: checking whether gcc understands -c and -o together
configure:3677: gcc -c conftest.c -o conftest2.o
configure:3680: $? = 0
configure:3677: gcc -c conftest.c -o conftest2.o
configure:3680: $? = 0
configure:3692: result: yes
configure:3720: checking for style of include used by make
configure:3748: result: GNU
configure:3774: checking dependency style of gcc
configure:3885: result: gcc3
configure:3929: checking build system type
configure:3943: result: x86_64-pc-linux-gnu
configure:3963: checking host system type
configure:3976: result: x86_64-pc-linux-gnu
configure:4017: checking how to print strings
configure:4044: result: printf
configure:4065: checking for a sed that does not truncate output
configure:4129: result: /usr/bin/sed
configure:4147: checking for grep that handles long lines and -e
configure:4205: result: /usr/bin/grep
configure:4210: checking for egrep
configure:4272: result: /usr/bin/grep -E
configure:4277: checking for fgrep
configure:4339: result: /usr/bin/grep -F
configure:4374: checking for ld used by gcc
configure:4441: result: /usr/bin/ld
configure:4448: checking if the linker (/usr/bin/ld) is GNU ld
configure:4463: result: yes
configure:4475: checking for BSD- or MS-compatible name lister (nm)
configure:4529: result: /usr/bin/nm -B
configure:4659: checking the name lister (/usr/bin/nm -B) interface
configure:4666: gcc -c -march=x86-64 -mtune=generic -O2 -pipe -fstack-protector-strong -fno-plt -D_FORTIFY_SOURCE=2 conftest.c >&5
configure:4669: /usr/bin/nm -B "conftest.o"
configure:4672: output
0000000000000000 B some_variable
configure:4679: result: BSD nm
configure:4682: checking whether ln -s works
configure:4686: result: yes
configure:4694: checking the maximum length of command line arguments
configure:4825: result: 1572864
configure:4873: checking how to convert x86_64-pc-linux-gnu file names to x86_64-pc-linux-gnu format
configure:4913: result: func_convert_file_noop
configure:4920: checking how to convert x86_64-pc-linux-gnu file names to toolchain format
configure:4940: result: func_convert_file_noop
configure:4947: checking for /usr/bin/ld option to reload object files
configure:4954: result: -r
configure:5028: checking for objdump
configure:5044: found /usr/bin/objdump
configure:5055: result: objdump
configure:5087: checking how to recognize dependent libraries
configure:5287: result: pass_all
configure:5372: checking for dlltool
configure:5402: result: no
configure:5432: checking how to associate runtime and link libraries
configure:5459: result: printf %s\n
configure:5520: checking for ar
configure:5536: found /usr/bin/ar
configure:5547: result: ar
configure:5584: checking for archiver @FILE support
configure:5601: gcc -c -march=x86-64 -mtune=generic -O2 -pipe -fstack-protector-strong -fno-plt -D_FORTIFY_SOURCE=2 conftest.c >&5
configure:5601: $? = 0
configure:5604: ar cru libconftest.a @conftest.lst >&5
ar: `u' modifier ignored since `D' is the default (see `U')
configure:5607: $? = 0
configure:5612: ar cru libconftest.a @conftest.lst >&5
ar: `u' modifier ignored since `D' is the default (see `U')
ar: conftest.o: No such file or directory
configure:5615: $? = 1
configure:5627: result: @
configure:5685: checking for strip
configure:5701: found /usr/bin/strip
configure:5712: result: strip
configure:5784: checking for ranlib
configure:5800: found /usr/bin/ranlib
configure:5811: result: ranlib
configure:5913: checking command to parse /usr/bin/nm -B output from gcc object
configure:6066: gcc -c -march=x86-64 -mtune=generic -O2 -pipe -fstack-protector-strong -fno-plt -D_FORTIFY_SOURCE=2 conftest.c >&5
configure:6069: $? = 0
configure:6073: /usr/bin/nm -B conftest.o \| sed -n -e 's/^.*[ ]\([ABCDGIRSTW][ABCDGIRSTW]*\)[ ][ ]*\([_A-Za-z][_A-Za-z0-9]*\)$/\1 \2 \2/p' | sed '/ __gnu_lto/d' \> conftest.nm
configure:6076: $? = 0
configure:6142: gcc -o conftest -march=x86-64 -mtune=generic -O2 -pipe -fstack-protector-strong -fno-plt -D_FORTIFY_SOURCE=2 -Wl,-O1,--sort-common,--as-needed,-z,relro,-z,now conftest.c conftstm.o >&5
configure:6145: $? = 0
configure:6183: result: ok
configure:6230: checking for sysroot
configure:6260: result: no
configure:6267: checking for a working dd
configure:6305: result: /usr/bin/dd
configure:6309: checking how to truncate binary pipes
configure:6324: result: /usr/bin/dd bs=4096 count=1
configure:6460: gcc -c -march=x86-64 -mtune=generic -O2 -pipe -fstack-protector-strong -fno-plt -D_FORTIFY_SOURCE=2 conftest.c >&5
configure:6463: $? = 0
configure:6653: checking for mt
configure:6683: result: no
configure:6703: checking if : is a manifest tool
configure:6709: : '-?'
configure:6717: result: no
configure:7394: checking how to run the C preprocessor
configure:7425: gcc -E -D_FORTIFY_SOURCE=2 conftest.c
In file included from /usr/include/bits/libc-header-start.h:33,
                 from /usr/include/limits.h:26,
                 from /usr/lib/gcc/x86_64-pc-linux-gnu/8.1.1/include-fixed/limits.h:194,
                 from /usr/lib/gcc/x86_64-pc-linux-gnu/8.1.1/include-fixed/syslimits.h:7,
                 from /usr/lib/gcc/x86_64-pc-linux-gnu/8.1.1/include-fixed/limits.h:34,
                 from conftest.c:12:
/usr/include/features.h:381:4: warning: #warning _FORTIFY_SOURCE requires compiling with optimization (-O) [-Wcpp]
 #  warning _FORTIFY_SOURCE requires compiling with optimization (-O)
    ^~~~~~~
configure:7425: $? = 0
configure:7439: gcc -E -D_FORTIFY_SOURCE=2 conftest.c
conftest.c:11:10: fatal error: ac_nonexistent.h: No such file or directory
 #include <ac_nonexistent.h>
          ^~~~~~~~~~~~~~~~~~
compilation terminated.
configure:7439: $? = 1
configure: failed program was:
| /* confdefs.h */
| #define PACKAGE_NAME "package-query"
| #define PACKAGE_TARNAME "package-query"
| #define PACKAGE_VERSION "1.9"
| #define PACKAGE_STRING "package-query 1.9"
| #define PACKAGE_BUGREPORT "https://github.com/archlinuxfr/package-query"
| #define PACKAGE_URL ""
| #define PACKAGE "package-query"
| #define VERSION "1.9"
| /* end confdefs.h.  */
| #include <ac_nonexistent.h>
configure:7464: result: gcc -E
configure:7484: gcc -E -D_FORTIFY_SOURCE=2 conftest.c
In file included from /usr/include/bits/libc-header-start.h:33,
                 from /usr/include/limits.h:26,
                 from /usr/lib/gcc/x86_64-pc-linux-gnu/8.1.1/include-fixed/limits.h:194,
                 from /usr/lib/gcc/x86_64-pc-linux-gnu/8.1.1/include-fixed/syslimits.h:7,
                 from /usr/lib/gcc/x86_64-pc-linux-gnu/8.1.1/include-fixed/limits.h:34,
                 from conftest.c:12:
/usr/include/features.h:381:4: warning: #warning _FORTIFY_SOURCE requires compiling with optimization (-O) [-Wcpp]
 #  warning _FORTIFY_SOURCE requires compiling with optimization (-O)
    ^~~~~~~
configure:7484: $? = 0
configure:7498: gcc -E -D_FORTIFY_SOURCE=2 conftest.c
conftest.c:11:10: fatal error: ac_nonexistent.h: No such file or directory
 #include <ac_nonexistent.h>
          ^~~~~~~~~~~~~~~~~~
compilation terminated.
configure:7498: $? = 1
configure: failed program was:
| /* confdefs.h */
| #define PACKAGE_NAME "package-query"
| #define PACKAGE_TARNAME "package-query"
| #define PACKAGE_VERSION "1.9"
| #define PACKAGE_STRING "package-query 1.9"
| #define PACKAGE_BUGREPORT "https://github.com/archlinuxfr/package-query"
| #define PACKAGE_URL ""
| #define PACKAGE "package-query"
| #define VERSION "1.9"
| /* end confdefs.h.  */
| #include <ac_nonexistent.h>
configure:7527: checking for ANSI C header files
configure:7547: gcc -c -march=x86-64 -mtune=generic -O2 -pipe -fstack-protector-strong -fno-plt -D_FORTIFY_SOURCE=2 conftest.c >&5
configure:7547: $? = 0
In file included from /usr/include/bits/libc-header-start.h:33,
                 from /usr/include/string.h:26,
                 from conftest.c:11:
/usr/include/features.h:381:4: warning: #warning _FORTIFY_SOURCE requires compiling with optimization (-O) [-Wcpp]
 #  warning _FORTIFY_SOURCE requires compiling with optimization (-O)
    ^~~~~~~
In file included from /usr/include/bits/libc-header-start.h:33,
                 from /usr/include/stdlib.h:25,
                 from conftest.c:11:
/usr/include/features.h:381:4: warning: #warning _FORTIFY_SOURCE requires compiling with optimization (-O) [-Wcpp]
 #  warning _FORTIFY_SOURCE requires compiling with optimization (-O)
    ^~~~~~~
configure:7620: gcc -o conftest -march=x86-64 -mtune=generic -O2 -pipe -fstack-protector-strong -fno-plt -D_FORTIFY_SOURCE=2 -Wl,-O1,--sort-common,--as-needed,-z,relro,-z,now conftest.c  >&5
configure:7620: $? = 0
configure:7620: ./conftest
configure:7620: $? = 0
configure:7631: result: yes
configure:7644: checking for sys/types.h
configure:7644: gcc -c -march=x86-64 -mtune=generic -O2 -pipe -fstack-protector-strong -fno-plt -D_FORTIFY_SOURCE=2 conftest.c >&5
configure:7644: $? = 0
configure:7644: result: yes
configure:7644: checking for sys/stat.h
configure:7644: gcc -c -march=x86-64 -mtune=generic -O2 -pipe -fstack-protector-strong -fno-plt -D_FORTIFY_SOURCE=2 conftest.c >&5
configure:7644: $? = 0
configure:7644: result: yes
configure:7644: checking for stdlib.h
configure:7644: gcc -c -march=x86-64 -mtune=generic -O2 -pipe -fstack-protector-strong -fno-plt -D_FORTIFY_SOURCE=2 conftest.c >&5
configure:7644: $? = 0
configure:7644: result: yes
configure:7644: checking for string.h
configure:7644: gcc -c -march=x86-64 -mtune=generic -O2 -pipe -fstack-protector-strong -fno-plt -D_FORTIFY_SOURCE=2 conftest.c >&5
configure:7644: $? = 0
configure:7644: result: yes
configure:7644: checking for memory.h
configure:7644: gcc -c -march=x86-64 -mtune=generic -O2 -pipe -fstack-protector-strong -fno-plt -D_FORTIFY_SOURCE=2 conftest.c >&5
configure:7644: $? = 0
configure:7644: result: yes
configure:7644: checking for strings.h
configure:7644: gcc -c -march=x86-64 -mtune=generic -O2 -pipe -fstack-protector-strong -fno-plt -D_FORTIFY_SOURCE=2 conftest.c >&5
configure:7644: $? = 0
configure:7644: result: yes
configure:7644: checking for inttypes.h
configure:7644: gcc -c -march=x86-64 -mtune=generic -O2 -pipe -fstack-protector-strong -fno-plt -D_FORTIFY_SOURCE=2 conftest.c >&5
configure:7644: $? = 0
configure:7644: result: yes
configure:7644: checking for stdint.h
configure:7644: gcc -c -march=x86-64 -mtune=generic -O2 -pipe -fstack-protector-strong -fno-plt -D_FORTIFY_SOURCE=2 conftest.c >&5
configure:7644: $? = 0
configure:7644: result: yes
configure:7644: checking for unistd.h
configure:7644: gcc -c -march=x86-64 -mtune=generic -O2 -pipe -fstack-protector-strong -fno-plt -D_FORTIFY_SOURCE=2 conftest.c >&5
configure:7644: $? = 0
configure:7644: result: yes
configure:7658: checking for dlfcn.h
configure:7658: gcc -c -march=x86-64 -mtune=generic -O2 -pipe -fstack-protector-strong -fno-plt -D_FORTIFY_SOURCE=2 conftest.c >&5
configure:7658: $? = 0
configure:7658: result: yes
configure:7914: checking for objdir
configure:7929: result: .libs
configure:8193: checking if gcc supports -fno-rtti -fno-exceptions
configure:8211: gcc -c -march=x86-64 -mtune=generic -O2 -pipe -fstack-protector-strong -fno-plt -D_FORTIFY_SOURCE=2 -fno-rtti -fno-exceptions conftest.c >&5
cc1: warning: command line option '-fno-rtti' is valid for C++/ObjC++ but not for C
configure:8215: $? = 0
configure:8228: result: no
configure:8586: checking for gcc option to produce PIC
configure:8593: result: -fPIC -DPIC
configure:8601: checking if gcc PIC flag -fPIC -DPIC works
configure:8619: gcc -c -march=x86-64 -mtune=generic -O2 -pipe -fstack-protector-strong -fno-plt -D_FORTIFY_SOURCE=2 -fPIC -DPIC -DPIC conftest.c >&5
configure:8623: $? = 0
configure:8636: result: yes
configure:8665: checking if gcc static flag -static works
configure:8693: result: yes
configure:8708: checking if gcc supports -c -o file.o
configure:8729: gcc -c -march=x86-64 -mtune=generic -O2 -pipe -fstack-protector-strong -fno-plt -D_FORTIFY_SOURCE=2 -o out/conftest2.o conftest.c >&5
configure:8733: $? = 0
configure:8755: result: yes
configure:8763: checking if gcc supports -c -o file.o
configure:8810: result: yes
configure:8843: checking whether the gcc linker (/usr/bin/ld -m elf_x86_64) supports shared libraries
configure:10102: result: yes
configure:10139: checking whether -lc should be explicitly linked in
configure:10147: gcc -c -march=x86-64 -mtune=generic -O2 -pipe -fstack-protector-strong -fno-plt -D_FORTIFY_SOURCE=2 conftest.c >&5
configure:10150: $? = 0
configure:10165: gcc -shared  -fPIC -DPIC conftest.o  -v -Wl,-soname -Wl,conftest -o conftest 2\>\&1 \| /usr/bin/grep  -lc  \>/dev/null 2\>\&1
configure:10168: $? = 0
configure:10182: result: no
configure:10342: checking dynamic linker characteristics
configure:10923: gcc -o conftest -march=x86-64 -mtune=generic -O2 -pipe -fstack-protector-strong -fno-plt -D_FORTIFY_SOURCE=2 -Wl,-O1,--sort-common,--as-needed,-z,relro,-z,now -Wl,-rpath -Wl,/foo conftest.c  >&5
configure:10923: $? = 0
configure:11160: result: GNU/Linux ld.so
configure:11282: checking how to hardcode library paths into programs
configure:11307: result: immediate
configure:11855: checking whether stripping libraries is possible
configure:11860: result: yes
configure:11895: checking if libtool supports shared libraries
configure:11897: result: yes
configure:11900: checking whether to build shared libraries
configure:11925: result: yes
configure:11928: checking whether to build static libraries
configure:11932: result: yes
configure:11974: checking ctype.h usability
configure:11974: gcc -c -march=x86-64 -mtune=generic -O2 -pipe -fstack-protector-strong -fno-plt -D_FORTIFY_SOURCE=2 conftest.c >&5
configure:11974: $? = 0
configure:11974: result: yes
configure:11974: checking ctype.h presence
configure:11974: gcc -E -D_FORTIFY_SOURCE=2 conftest.c
In file included from /usr/include/ctype.h:25,
                 from conftest.c:23:
/usr/include/features.h:381:4: warning: #warning _FORTIFY_SOURCE requires compiling with optimization (-O) [-Wcpp]
 #  warning _FORTIFY_SOURCE requires compiling with optimization (-O)
    ^~~~~~~
configure:11974: $? = 0
configure:11974: result: yes
configure:11974: checking for ctype.h
configure:11974: result: yes
configure:11974: checking getopt.h usability
configure:11974: gcc -c -march=x86-64 -mtune=generic -O2 -pipe -fstack-protector-strong -fno-plt -D_FORTIFY_SOURCE=2 conftest.c >&5
configure:11974: $? = 0
configure:11974: result: yes
configure:11974: checking getopt.h presence
configure:11974: gcc -E -D_FORTIFY_SOURCE=2 conftest.c
In file included from /usr/include/getopt.h:24,
                 from conftest.c:24:
/usr/include/features.h:381:4: warning: #warning _FORTIFY_SOURCE requires compiling with optimization (-O) [-Wcpp]
 #  warning _FORTIFY_SOURCE requires compiling with optimization (-O)
    ^~~~~~~
configure:11974: $? = 0
configure:11974: result: yes
configure:11974: checking for getopt.h
configure:11974: result: yes
configure:11974: checking glob.h usability
configure:11974: gcc -c -march=x86-64 -mtune=generic -O2 -pipe -fstack-protector-strong -fno-plt -D_FORTIFY_SOURCE=2 conftest.c >&5
configure:11974: $? = 0
configure:11974: result: yes
configure:11974: checking glob.h presence
configure:11974: gcc -E -D_FORTIFY_SOURCE=2 conftest.c
In file included from /usr/include/sys/cdefs.h:23,
                 from /usr/include/glob.h:21,
                 from conftest.c:25:
/usr/include/features.h:381:4: warning: #warning _FORTIFY_SOURCE requires compiling with optimization (-O) [-Wcpp]
 #  warning _FORTIFY_SOURCE requires compiling with optimization (-O)
    ^~~~~~~
configure:11974: $? = 0
configure:11974: result: yes
configure:11974: checking for glob.h
configure:11974: result: yes
configure:11974: checking libintl.h usability
configure:11974: gcc -c -march=x86-64 -mtune=generic -O2 -pipe -fstack-protector-strong -fno-plt -D_FORTIFY_SOURCE=2 conftest.c >&5
configure:11974: $? = 0
configure:11974: result: yes
configure:11974: checking libintl.h presence
configure:11974: gcc -E -D_FORTIFY_SOURCE=2 conftest.c
In file included from /usr/include/libintl.h:23,
                 from conftest.c:26:
/usr/include/features.h:381:4: warning: #warning _FORTIFY_SOURCE requires compiling with optimization (-O) [-Wcpp]
 #  warning _FORTIFY_SOURCE requires compiling with optimization (-O)
    ^~~~~~~
configure:11974: $? = 0
configure:11974: result: yes
configure:11974: checking for libintl.h
configure:11974: result: yes
configure:11974: checking limits.h usability
configure:11974: gcc -c -march=x86-64 -mtune=generic -O2 -pipe -fstack-protector-strong -fno-plt -D_FORTIFY_SOURCE=2 conftest.c >&5
configure:11974: $? = 0
configure:11974: result: yes
configure:11974: checking limits.h presence
configure:11974: gcc -E -D_FORTIFY_SOURCE=2 conftest.c
In file included from /usr/include/bits/libc-header-start.h:33,
                 from /usr/include/limits.h:26,
                 from /usr/lib/gcc/x86_64-pc-linux-gnu/8.1.1/include-fixed/limits.h:194,
                 from /usr/lib/gcc/x86_64-pc-linux-gnu/8.1.1/include-fixed/syslimits.h:7,
                 from /usr/lib/gcc/x86_64-pc-linux-gnu/8.1.1/include-fixed/limits.h:34,
                 from conftest.c:27:
/usr/include/features.h:381:4: warning: #warning _FORTIFY_SOURCE requires compiling with optimization (-O) [-Wcpp]
 #  warning _FORTIFY_SOURCE requires compiling with optimization (-O)
    ^~~~~~~
configure:11974: $? = 0
configure:11974: result: yes
configure:11974: checking for limits.h
configure:11974: result: yes
configure:11974: checking locale.h usability
configure:11974: gcc -c -march=x86-64 -mtune=generic -O2 -pipe -fstack-protector-strong -fno-plt -D_FORTIFY_SOURCE=2 conftest.c >&5
configure:11974: $? = 0
configure:11974: result: yes
configure:11974: checking locale.h presence
configure:11974: gcc -E -D_FORTIFY_SOURCE=2 conftest.c
In file included from /usr/include/locale.h:25,
                 from conftest.c:28:
/usr/include/features.h:381:4: warning: #warning _FORTIFY_SOURCE requires compiling with optimization (-O) [-Wcpp]
 #  warning _FORTIFY_SOURCE requires compiling with optimization (-O)
    ^~~~~~~
configure:11974: $? = 0
configure:11974: result: yes
configure:11974: checking for locale.h
configure:11974: result: yes
configure:11974: checking regex.h usability
configure:11974: gcc -c -march=x86-64 -mtune=generic -O2 -pipe -fstack-protector-strong -fno-plt -D_FORTIFY_SOURCE=2 conftest.c >&5
configure:11974: $? = 0
configure:11974: result: yes
configure:11974: checking regex.h presence
configure:11974: gcc -E -D_FORTIFY_SOURCE=2 conftest.c
In file included from /usr/include/sys/types.h:25,
                 from /usr/include/regex.h:23,
                 from conftest.c:29:
/usr/include/features.h:381:4: warning: #warning _FORTIFY_SOURCE requires compiling with optimization (-O) [-Wcpp]
 #  warning _FORTIFY_SOURCE requires compiling with optimization (-O)
    ^~~~~~~
configure:11974: $? = 0
configure:11974: result: yes
configure:11974: checking for regex.h
configure:11974: result: yes
configure:11974: checking signal.h usability
configure:11974: gcc -c -march=x86-64 -mtune=generic -O2 -pipe -fstack-protector-strong -fno-plt -D_FORTIFY_SOURCE=2 conftest.c >&5
configure:11974: $? = 0
configure:11974: result: yes
configure:11974: checking signal.h presence
configure:11974: gcc -E -D_FORTIFY_SOURCE=2 conftest.c
In file included from /usr/include/signal.h:25,
                 from conftest.c:30:
/usr/include/features.h:381:4: warning: #warning _FORTIFY_SOURCE requires compiling with optimization (-O) [-Wcpp]
 #  warning _FORTIFY_SOURCE requires compiling with optimization (-O)
    ^~~~~~~
configure:11974: $? = 0
configure:11974: result: yes
configure:11974: checking for signal.h
configure:11974: result: yes
configure:11974: checking sys/ioctl.h usability
configure:11974: gcc -c -march=x86-64 -mtune=generic -O2 -pipe -fstack-protector-strong -fno-plt -D_FORTIFY_SOURCE=2 conftest.c >&5
configure:11974: $? = 0
configure:11974: result: yes
configure:11974: checking sys/ioctl.h presence
configure:11974: gcc -E -D_FORTIFY_SOURCE=2 conftest.c
In file included from /usr/include/sys/ioctl.h:21,
                 from conftest.c:31:
/usr/include/features.h:381:4: warning: #warning _FORTIFY_SOURCE requires compiling with optimization (-O) [-Wcpp]
 #  warning _FORTIFY_SOURCE requires compiling with optimization (-O)
    ^~~~~~~
configure:11974: $? = 0
configure:11974: result: yes
configure:11974: checking for sys/ioctl.h
configure:11974: result: yes
configure:11974: checking for sys/stat.h
configure:11974: result: yes
configure:11974: checking sys/utsname.h usability
configure:11974: gcc -c -march=x86-64 -mtune=generic -O2 -pipe -fstack-protector-strong -fno-plt -D_FORTIFY_SOURCE=2 conftest.c >&5
configure:11974: $? = 0
configure:11974: result: yes
configure:11974: checking sys/utsname.h presence
configure:11974: gcc -E -D_FORTIFY_SOURCE=2 conftest.c
In file included from /usr/include/sys/utsname.h:25,
                 from conftest.c:33:
/usr/include/features.h:381:4: warning: #warning _FORTIFY_SOURCE requires compiling with optimization (-O) [-Wcpp]
 #  warning _FORTIFY_SOURCE requires compiling with optimization (-O)
    ^~~~~~~
configure:11974: $? = 0
configure:11974: result: yes
configure:11974: checking for sys/utsname.h
configure:11974: result: yes
configure:11985: checking for alpm_version in -lalpm
configure:12010: gcc -o conftest -march=x86-64 -mtune=generic -O2 -pipe -fstack-protector-strong -fno-plt -D_FORTIFY_SOURCE=2 -Wl,-O1,--sort-common,--as-needed,-z,relro,-z,now conftest.c -lalpm   >&5
configure:12010: $? = 0
configure:12019: result: yes
configure:12086: checking for pkg-config
configure:12104: found /usr/bin/pkg-config
configure:12116: result: /usr/bin/pkg-config
configure:12141: checking pkg-config is at least version 0.9.0
configure:12144: result: yes
configure:12154: checking for libalpm >= 10.0.0
configure:12161: $PKG_CONFIG --exists --print-errors "libalpm >= 10.0.0"
configure:12164: $? = 0
configure:12178: $PKG_CONFIG --exists --print-errors "libalpm >= 10.0.0"
configure:12181: $? = 0
configure:12239: result: yes
configure:12244: checking for yajl_free in -lyajl
configure:12269: gcc -o conftest -march=x86-64 -mtune=generic -O2 -pipe -fstack-protector-strong -fno-plt -D_FORTIFY_SOURCE=2 -Wl,-O1,--sort-common,--as-needed,-z,relro,-z,now conftest.c -lyajl  -lalpm  >&5
configure:12269: $? = 0
configure:12278: result: yes
configure:12331: checking for gawk
configure:12358: result: gawk
configure:12420: checking for curl-config
configure:12438: found /usr/bin/curl-config
configure:12450: result: /usr/bin/curl-config
configure:12461: checking for the version of libcurl
configure:12468: result: 7.61.0
configure:12475: checking for libcurl >= version 7.19.4
configure:12488: result: yes
configure:12529: checking whether libcurl is usable
configure:12563: gcc -o conftest -march=x86-64 -mtune=generic -O2 -pipe -fstack-protector-strong -fno-plt  -D_FORTIFY_SOURCE=2 -Wl,-O1,--sort-common,--as-needed,-z,relro,-z,now conftest.c -lcurl -lyajl -lalpm  >&5
configure:12563: $? = 0
configure:12577: result: yes
configure:12590: checking for curl_free
configure:12590: gcc -o conftest -march=x86-64 -mtune=generic -O2 -pipe -fstack-protector-strong -fno-plt -D_FORTIFY_SOURCE=2  -Wl,-O1,--sort-common,--as-needed,-z,relro,-z,now conftest.c -lyajl -lalpm  -lcurl >&5
configure:12590: $? = 0
configure:12590: result: yes
configure:12683: checking for git
configure:12699: found /usr/bin/git
configure:12710: result: git
configure:12722: checking for .git/
configure:12735: result: no
configure:12893: checking that generated files are newer than configure
configure:12899: result: done
configure:12926: creating ./config.status

## ---------------------- ##
## Running config.status. ##
## ---------------------- ##

This file was extended by package-query config.status 1.9, which was
generated by GNU Autoconf 2.69.  Invocation command line was

  CONFIG_FILES    = 
  CONFIG_HEADERS  = 
  CONFIG_LINKS    = 
  CONFIG_COMMANDS = 
  $ ./config.status 

on archPC

config.status:1146: creating src/Makefile
config.status:1146: creating doc/Makefile
config.status:1146: creating Makefile
config.status:1146: creating config.h
config.status:1375: executing depfiles commands
config.status:1375: executing libtool commands

## ---------------- ##
## Cache variables. ##
## ---------------- ##

ac_cv_build=x86_64-pc-linux-gnu
ac_cv_c_compiler_gnu=yes
ac_cv_env_CC_set=
ac_cv_env_CC_value=
ac_cv_env_CFLAGS_set=set
ac_cv_env_CFLAGS_value='-march=x86-64 -mtune=generic -O2 -pipe -fstack-protector-strong -fno-plt'
ac_cv_env_CPPFLAGS_set=set
ac_cv_env_CPPFLAGS_value=-D_FORTIFY_SOURCE=2
ac_cv_env_CPP_set=
ac_cv_env_CPP_value=
ac_cv_env_LDFLAGS_set=set
ac_cv_env_LDFLAGS_value=-Wl,-O1,--sort-common,--as-needed,-z,relro,-z,now
ac_cv_env_LIBS_set=
ac_cv_env_LIBS_value=
ac_cv_env_LT_SYS_LIBRARY_PATH_set=
ac_cv_env_LT_SYS_LIBRARY_PATH_value=
ac_cv_env_PKG_CONFIG_LIBDIR_set=
ac_cv_env_PKG_CONFIG_LIBDIR_value=
ac_cv_env_PKG_CONFIG_PATH_set=
ac_cv_env_PKG_CONFIG_PATH_value=
ac_cv_env_PKG_CONFIG_set=
ac_cv_env_PKG_CONFIG_value=
ac_cv_env_alpm_CFLAGS_set=
ac_cv_env_alpm_CFLAGS_value=
ac_cv_env_alpm_LIBS_set=
ac_cv_env_alpm_LIBS_value=
ac_cv_env_build_alias_set=
ac_cv_env_build_alias_value=
ac_cv_env_host_alias_set=
ac_cv_env_host_alias_value=
ac_cv_env_target_alias_set=
ac_cv_env_target_alias_value=
ac_cv_file__git_=no
ac_cv_func_curl_free=yes
ac_cv_header_ctype_h=yes
ac_cv_header_dlfcn_h=yes
ac_cv_header_getopt_h=yes
ac_cv_header_glob_h=yes
ac_cv_header_inttypes_h=yes
ac_cv_header_libintl_h=yes
ac_cv_header_limits_h=yes
ac_cv_header_locale_h=yes
ac_cv_header_memory_h=yes
ac_cv_header_regex_h=yes
ac_cv_header_signal_h=yes
ac_cv_header_stdc=yes
ac_cv_header_stdint_h=yes
ac_cv_header_stdlib_h=yes
ac_cv_header_string_h=yes
ac_cv_header_strings_h=yes
ac_cv_header_sys_ioctl_h=yes
ac_cv_header_sys_stat_h=yes
ac_cv_header_sys_types_h=yes
ac_cv_header_sys_utsname_h=yes
ac_cv_header_unistd_h=yes
ac_cv_host=x86_64-pc-linux-gnu
ac_cv_lib_alpm_alpm_version=yes
ac_cv_lib_yajl_yajl_free=yes
ac_cv_objext=o
ac_cv_path_EGREP='/usr/bin/grep -E'
ac_cv_path_FGREP='/usr/bin/grep -F'
ac_cv_path_GREP=/usr/bin/grep
ac_cv_path_SED=/usr/bin/sed
ac_cv_path__libcurl_config=/usr/bin/curl-config
ac_cv_path_ac_pt_PKG_CONFIG=/usr/bin/pkg-config
ac_cv_path_install='/usr/bin/install -c'
ac_cv_path_lt_DD=/usr/bin/dd
ac_cv_path_mkdir=/usr/bin/mkdir
ac_cv_prog_AWK=gawk
ac_cv_prog_CPP='gcc -E'
ac_cv_prog_GIT=git
ac_cv_prog_ac_ct_AR=ar
ac_cv_prog_ac_ct_CC=gcc
ac_cv_prog_ac_ct_OBJDUMP=objdump
ac_cv_prog_ac_ct_RANLIB=ranlib
ac_cv_prog_ac_ct_STRIP=strip
ac_cv_prog_cc_c89=
ac_cv_prog_cc_g=yes
ac_cv_prog_make_make_set=yes
am_cv_CC_dependencies_compiler_type=gcc3
am_cv_make_support_nested_variables=yes
am_cv_prog_cc_c_o=yes
libcurl_cv_lib_curl_usable=yes
libcurl_cv_lib_curl_version=7.61.0
libcurl_cv_lib_version_ok=yes
lt_cv_ar_at_file=@
lt_cv_archive_cmds_need_lc=no
lt_cv_deplibs_check_method=pass_all
lt_cv_file_magic_cmd='$MAGIC_CMD'
lt_cv_file_magic_test_file=
lt_cv_ld_reload_flag=-r
lt_cv_nm_interface='BSD nm'
lt_cv_objdir=.libs
lt_cv_path_LD=/usr/bin/ld
lt_cv_path_NM='/usr/bin/nm -B'
lt_cv_path_mainfest_tool=no
lt_cv_prog_compiler_c_o=yes
lt_cv_prog_compiler_pic='-fPIC -DPIC'
lt_cv_prog_compiler_pic_works=yes
lt_cv_prog_compiler_rtti_exceptions=no
lt_cv_prog_compiler_static_works=yes
lt_cv_prog_gnu_ld=yes
lt_cv_sharedlib_from_linklib_cmd='printf %s\n'
lt_cv_shlibpath_overrides_runpath=no
lt_cv_sys_global_symbol_pipe='sed -n -e '\''s/^.*[	 ]\([ABCDGIRSTW][ABCDGIRSTW]*\)[	 ][	 ]*\([_A-Za-z][_A-Za-z0-9]*\)$/\1 \2 \2/p'\'' | sed '\''/ __gnu_lto/d'\'''
lt_cv_sys_global_symbol_to_c_name_address='sed -n -e '\''s/^: \(.*\) .*$/  {"\1", (void *) 0},/p'\'' -e '\''s/^[ABCDGIRSTW][ABCDGIRSTW]* .* \(.*\)$/  {"\1", (void *) \&\1},/p'\'''
lt_cv_sys_global_symbol_to_c_name_address_lib_prefix='sed -n -e '\''s/^: \(.*\) .*$/  {"\1", (void *) 0},/p'\'' -e '\''s/^[ABCDGIRSTW][ABCDGIRSTW]* .* \(lib.*\)$/  {"\1", (void *) \&\1},/p'\'' -e '\''s/^[ABCDGIRSTW][ABCDGIRSTW]* .* \(.*\)$/  {"lib\1", (void *) \&\1},/p'\'''
lt_cv_sys_global_symbol_to_cdecl='sed -n -e '\''s/^T .* \(.*\)$/extern int \1();/p'\'' -e '\''s/^[ABCDGIRSTW][ABCDGIRSTW]* .* \(.*\)$/extern char \1;/p'\'''
lt_cv_sys_global_symbol_to_import=
lt_cv_sys_max_cmd_len=1572864
lt_cv_to_host_file_cmd=func_convert_file_noop
lt_cv_to_tool_file_cmd=func_convert_file_noop
lt_cv_truncate_bin='/usr/bin/dd bs=4096 count=1'
pkg_cv_alpm_CFLAGS=
pkg_cv_alpm_LIBS='-lalpm '

## ----------------- ##
## Output variables. ##
## ----------------- ##

ACLOCAL='${SHELL} /home/adam/yaourt/package-query/src/package-query-1.9/missing aclocal-1.15'
AMDEPBACKSLASH='\'
AMDEP_FALSE='#'
AMDEP_TRUE=''
AMTAR='$${TAR-tar}'
AM_BACKSLASH='\'
AM_DEFAULT_V='$(AM_DEFAULT_VERBOSITY)'
AM_DEFAULT_VERBOSITY='1'
AM_V='$(V)'
AR='ar'
AUR_BASE_URL='https://aur.archlinux.org'
AUTOCONF='${SHELL} /home/adam/yaourt/package-query/src/package-query-1.9/missing autoconf'
AUTOHEADER='${SHELL} /home/adam/yaourt/package-query/src/package-query-1.9/missing autoheader'
AUTOMAKE='${SHELL} /home/adam/yaourt/package-query/src/package-query-1.9/missing automake-1.15'
AWK='gawk'
CC='gcc'
CCDEPMODE='depmode=gcc3'
CFLAGS='-march=x86-64 -mtune=generic -O2 -pipe -fstack-protector-strong -fno-plt'
CPP='gcc -E'
CPPFLAGS='-D_FORTIFY_SOURCE=2'
CYGPATH_W='echo'
DEFS='-DHAVE_CONFIG_H'
DEPDIR='.deps'
DLLTOOL='false'
DSYMUTIL=''
DUMPBIN=''
ECHO_C=''
ECHO_N='-n'
ECHO_T=''
EGREP='/usr/bin/grep -E'
EXEEXT=''
FGREP='/usr/bin/grep -F'
GIT='git'
GIT_VERSION=''
GREP='/usr/bin/grep'
INSTALL_DATA='${INSTALL} -m 644'
INSTALL_PROGRAM='${INSTALL}'
INSTALL_SCRIPT='${INSTALL}'
INSTALL_STRIP_PROGRAM='$(install_sh) -c -s'
LD='/usr/bin/ld -m elf_x86_64'
LDFLAGS='-Wl,-O1,--sort-common,--as-needed,-z,relro,-z,now'
LIBCURL='-lcurl'
LIBCURL_CPPFLAGS=''
LIBOBJS=''
LIBS='-lyajl -lalpm '
LIBTOOL='$(SHELL) $(top_builddir)/libtool'
LIPO=''
LN_S='ln -s'
LTLIBOBJS=''
LT_SYS_LIBRARY_PATH=''
MAKEINFO='${SHELL} /home/adam/yaourt/package-query/src/package-query-1.9/missing makeinfo'
MANIFEST_TOOL=':'
MKDIR_P='/usr/bin/mkdir -p'
NM='/usr/bin/nm -B'
NMEDIT=''
OBJDUMP='objdump'
OBJEXT='o'
OTOOL64=''
OTOOL=''
PACKAGE='package-query'
PACKAGE_BUGREPORT='https://github.com/archlinuxfr/package-query'
PACKAGE_NAME='package-query'
PACKAGE_STRING='package-query 1.9'
PACKAGE_TARNAME='package-query'
PACKAGE_URL=''
PACKAGE_VERSION='1.9'
PATH_SEPARATOR=':'
PKG_CONFIG='/usr/bin/pkg-config'
PKG_CONFIG_LIBDIR=''
PKG_CONFIG_PATH=''
RANLIB='ranlib'
ROOTDIR='/'
SED='/usr/bin/sed'
SET_MAKE=''
SHELL='/bin/sh'
STRIP='strip'
USE_GIT_VERSION_FALSE=''
USE_GIT_VERSION_TRUE='#'
VERSION='1.9'
_libcurl_config=''
ac_ct_AR='ar'
ac_ct_CC='gcc'
ac_ct_DUMPBIN=''
alpm_CFLAGS=''
alpm_LIBS='-lalpm '
am__EXEEXT_FALSE=''
am__EXEEXT_TRUE='#'
am__fastdepCC_FALSE='#'
am__fastdepCC_TRUE=''
am__include='include'
am__isrc=''
am__leading_dot='.'
am__nodep='_no'
am__quote=''
am__tar='$${TAR-tar} chof - "$$tardir"'
am__untar='$${TAR-tar} xf -'
bindir='${exec_prefix}/bin'
build='x86_64-pc-linux-gnu'
build_alias=''
build_cpu='x86_64'
build_os='linux-gnu'
build_vendor='pc'
datadir='${datarootdir}'
datarootdir='${prefix}/share'
docdir='${datarootdir}/doc/${PACKAGE_TARNAME}'
dvidir='${docdir}'
exec_prefix='${prefix}'
host='x86_64-pc-linux-gnu'
host_alias=''
host_cpu='x86_64'
host_os='linux-gnu'
host_vendor='pc'
htmldir='${docdir}'
includedir='${prefix}/include'
infodir='${datarootdir}/info'
install_sh='${SHELL} /home/adam/yaourt/package-query/src/package-query-1.9/install-sh'
libdir='${exec_prefix}/lib'
libexecdir='${exec_prefix}/libexec'
localedir='${datarootdir}/locale'
localstatedir='/var'
mandir='${datarootdir}/man'
mkdir_p='$(MKDIR_P)'
oldincludedir='/usr/include'
pdfdir='${docdir}'
prefix='/usr'
program_transform_name='s,x,x,'
psdir='${docdir}'
sbindir='${exec_prefix}/sbin'
sharedstatedir='${prefix}/com'
sysconfdir='/etc'
target_alias=''

## ----------- ##
## confdefs.h. ##
## ----------- ##

/* confdefs.h */
#define PACKAGE_NAME "package-query"
#define PACKAGE_TARNAME "package-query"
#define PACKAGE_VERSION "1.9"
#define PACKAGE_STRING "package-query 1.9"
#define PACKAGE_BUGREPORT "https://github.com/archlinuxfr/package-query"
#define PACKAGE_URL ""
#define PACKAGE "package-query"
#define VERSION "1.9"
#define STDC_HEADERS 1
#define HAVE_SYS_TYPES_H 1
#define HAVE_SYS_STAT_H 1
#define HAVE_STDLIB_H 1
#define HAVE_STRING_H 1
#define HAVE_MEMORY_H 1
#define HAVE_STRINGS_H 1
#define HAVE_INTTYPES_H 1
#define HAVE_STDINT_H 1
#define HAVE_UNISTD_H 1
#define HAVE_DLFCN_H 1
#define LT_OBJDIR ".libs/"
#define HAVE_CTYPE_H 1
#define HAVE_GETOPT_H 1
#define HAVE_GLOB_H 1
#define HAVE_LIBINTL_H 1
#define HAVE_LIMITS_H 1
#define HAVE_LOCALE_H 1
#define HAVE_REGEX_H 1
#define HAVE_SIGNAL_H 1
#define HAVE_SYS_IOCTL_H 1
#define HAVE_SYS_STAT_H 1
#define HAVE_SYS_UTSNAME_H 1
#define HAVE_LIBALPM 1
#define HAVE_LIBYAJL 1
#define HAVE_LIBCURL 1
#define LIBCURL_FEATURE_SSL 1
#define LIBCURL_FEATURE_IPV6 1
#define LIBCURL_FEATURE_UNIXSOCKETS 1
#define LIBCURL_FEATURE_LIBZ 1
#define LIBCURL_FEATURE_ASYNCHDNS 1
#define LIBCURL_FEATURE_IDN 1
#define LIBCURL_FEATURE_GSS_API 1
#define LIBCURL_FEATURE_PSL 1
#define LIBCURL_FEATURE_SPNEGO 1
#define LIBCURL_FEATURE_KERBEROS 1
#define LIBCURL_FEATURE_NTLM 1
#define LIBCURL_FEATURE_NTLM_WB 1
#define LIBCURL_FEATURE_TLS_SRP 1
#define LIBCURL_FEATURE_HTTP2 1
#define LIBCURL_FEATURE_HTTPS_PROXY 1
#define LIBCURL_PROTOCOL_DICT 1
#define LIBCURL_PROTOCOL_FILE 1
#define LIBCURL_PROTOCOL_FTP 1
#define LIBCURL_PROTOCOL_FTPS 1
#define LIBCURL_PROTOCOL_GOPHER 1
#define LIBCURL_PROTOCOL_HTTP 1
#define LIBCURL_PROTOCOL_HTTPS 1
#define LIBCURL_PROTOCOL_IMAP 1
#define LIBCURL_PROTOCOL_IMAPS 1
#define LIBCURL_PROTOCOL_POP3 1
#define LIBCURL_PROTOCOL_POP3S 1
#define LIBCURL_PROTOCOL_RTSP 1
#define LIBCURL_PROTOCOL_SMB 1
#define LIBCURL_PROTOCOL_SMBS 1
#define LIBCURL_PROTOCOL_SMTP 1
#define LIBCURL_PROTOCOL_SMTPS 1
#define LIBCURL_PROTOCOL_TELNET 1
#define LIBCURL_PROTOCOL_TFTP 1

configure: exit 0
